-------------------------------------------------------------------------------
Test set: cucumber.Options.TestRunner2
-------------------------------------------------------------------------------
Tests run: 3, Failures: 0, Errors: 3, Skipped: 0, Time elapsed: 0.142 s <<< FAILURE! -- in cucumber.Options.TestRunner2
Validation dispose API's.Verify if The List of Application no details is available using GetListOFDisposeApplication API -- Time elapsed: 0.104 s <<< ERROR!
io.cucumber.junit.UndefinedStepException: 
The step 'Get appl details using "GJ23BA0997"  "GJ231025M0641456" "1234"' and 4 other step(s) are undefined.
You can implement these steps using the snippet(s) below:

@Given("Get appl details using {string}  {string} {string}")
public void get_appl_details_using(String string, String string2, String string3) {
    // Write code here that turns the phrase above into concrete actions
    throw new io.cucumber.java.PendingException();
}
@When("user calls {string} with {string} http request")
public void user_calls_with_http_request(String string, String string2) {
    // Write code here that turns the phrase above into concrete actions
    throw new io.cucumber.java.PendingException();
}
@Then("the API call got success with status code {int}")
public void the_api_call_got_success_with_status_code(Integer int1) {
    // Write code here that turns the phrase above into concrete actions
    throw new io.cucumber.java.PendingException();
}
@Then("{string} in response body is {string}")
public void in_response_body_is(String string, String string2) {
    // Write code here that turns the phrase above into concrete actions
    throw new io.cucumber.java.PendingException();
}


Validation dispose API's.Verify DetailsDiposeAppl API -- Time elapsed: 0.007 s <<< ERROR!
io.cucumber.junit.UndefinedStepException: 
The step 'Get Application details using "MBLJA12ACEGM09323"' and 2 other step(s) are undefined.
You can implement these steps using the snippet(s) below:

@Given("Get Application details using {string}")
public void get_application_details_using(String string) {
    // Write code here that turns the phrase above into concrete actions
    throw new io.cucumber.java.PendingException();
}
@When("user calls {string} with {string} http request")
public void user_calls_with_http_request(String string, String string2) {
    // Write code here that turns the phrase above into concrete actions
    throw new io.cucumber.java.PendingException();
}
@Then("the API call got success with status code {int}")
public void the_api_call_got_success_with_status_code(Integer int1) {
    // Write code here that turns the phrase above into concrete actions
    throw new io.cucumber.java.PendingException();
}


Validation dispose API's.Verify DisposeAPPL API -- Time elapsed: 0.008 s <<< ERROR!
io.cucumber.junit.UndefinedStepException: 
The step 'DisposeApplication payload' and 2 other step(s) are undefined.
You can implement these steps using the snippet(s) below:

@Given("DisposeApplication payload")
public void dispose_application_payload() {
    // Write code here that turns the phrase above into concrete actions
    throw new io.cucumber.java.PendingException();
}
@When("user calls {string} with {string} http request")
public void user_calls_with_http_request(String string, String string2) {
    // Write code here that turns the phrase above into concrete actions
    throw new io.cucumber.java.PendingException();
}
@Then("the API call got success with status code {int}")
public void the_api_call_got_success_with_status_code(Integer int1) {
    // Write code here that turns the phrase above into concrete actions
    throw new io.cucumber.java.PendingException();
}


