<?xml version="1.0" encoding="UTF-8"?>
<testsuite xmlns:xsi="http://www.w3.org/2001/XMLSchema-instance" xsi:noNamespaceSchemaLocation="https://maven.apache.org/surefire/maven-surefire-plugin/xsd/surefire-test-report-3.0.xsd" version="3.0" name="cucumber.Options.TestRunner" time="4.949" tests="3" errors="0" skipped="0" failures="0">
  <properties>
[...]
</properties>
  <testcase name="Verify if The List of Application no details is available using GetListOFDisposeApplication API" classname="Validation dispose API&apos;s" time="3.678">
    <system-out><![CDATA[vahancapi-dispose/getListOfDisposeApplication/{regn_no}/{appl_no}/{otp}
[{"transaction_no":"ML240314M0743520","pur_cd":27,"regn_no":"ML05M6270","application_status":"DRF","request_dt":"2024-03-14T11:34:50.234+00:00","state_cd":"ML","off_cd":5,"descr":"Renewal of Permit"}]
]]></system-out>
  </testcase>
  <testcase name="Verify DetailsDiposeAppl API" classname="Validation dispose API&apos;s" time="0.512">
    <system-out><![CDATA[/vahancapi-dispose/detaildisposeapplication/{regn_no}/{chasi_no}/{appl_no}
{"state_cd":"ML","state_name":"Meghalaya","off_cd":5,"c_off_cd":null,"off_name":"SHILLONG ","regn_no":"ML05M6270","regn_dt":"2015-04-20","regn_dtAsDate":null,"fit_uptoAsDate":null,"purchase_dt":"2015-04-20","owner_sr":1,"owner_name":"MR. MANGBHA PASWET","f_name":"(L) M. BAMON","c_add1":"PYNTHORBAH","c_add2":"YNUUYUYIUYI","c_add3":"SHILLONG","c_district":298,"c_district_name":"East Khasi Hills","c_state":"ML","c_state_name":"Meghalaya","c_pincode":793001,"p_add1":"PYNTHORBAH","p_add2":"YNUUYUYIUYI","p_add3":"SHILLONG","p_district":298,"p_district_name":"East Khasi Hills","p_state":"ML","p_state_name":"Meghalaya","p_pincode":793001,"owner_cd":1,"owner_cd_descr":"INDIVIDUAL","regn_type":"N","regn_type_descr":"NEW","vh_class":59,"vh_class_desc":"Goods Carrier","chasi_no":"MA1ZC4GHKF1C31460","eng_no":"GHF1C22242","eng_no_original":null,"maker":60,"maker_name":"Mahindra & Mahindra Limited","model_cd":"BOLERO PICK UP","model_name":"BOLERO PICK UP","body_type":"PICK UP","no_cyl":4,"hp":25.0,"seat_cap":2,"stand_cap":0,"sleeper_cap":0,"unld_wt":970,"ld_wt":8970,"gcw":0,"fuel":2,"fuel_descr":"DIESEL","color":"D WHITE","manu_mon":3,"manu_yr":2015,"norms":99,"norms_descr":"Not Available","wheelbase":0,"cubic_cap":2523.0,"floor_area":0.0,"ac_fitted":"N","audio_fitted":"N","video_fitted":"N","vch_purchase_as":"B","vch_catg":"MGV","vch_catg_desc":null,"dealer_cd":"ML00500004","dlr_name":"M/S STANLEY ROY CONSTRUCTION","dlr_add1":"MAWLAI, GS ROAD","dlr_add2":"SHILONG","dlr_add3":"","dlr_city":"","dlr_district":"298","dlr_pincode":"793001","sale_amt":522738,"laser_code":"IA1057373,","garage_add":"","length":0,"width":0,"height":0,"regn_upto":"2027-06-30","regn_uptoAsDate":null,"fit_upto":"2027-06-30","fit_upto_desc":null,"annual_income":0,"op_dt":"2017-10-06 14:31:11.293864","imported_vch":"N","other_criteria":0,"status":"A","vehType":null,"vehTypeAsInt":0,"vch_purchase_asCode":null,"tax_mode":null,"permit_rto_cd":null,"transport_catg":null,"chasi_no_original":null,"eng_no_orignal":null,"formatRegn_dt":null,"numberOfTyres":null,"no_of_axles":null,"appl_no":null,"mobile_no":null,"email_id":null,"pan_no":null,"aadhar_no":null,"passport_no":null,"ration_card_no":null,"voter_id":null,"dl_no":null,"verified_on":null,"flag":null,"mobileNoEditable":null,"ownerCatg":null,"dlRequired":null,"dlValidationRequired":null,"conditionstatus":false,"owner_ctg":null,"dept_cd":null,"returnMessge":null}
]]></system-out>
  </testcase>
  <testcase name="Verify DisposeAPPL API" classname="Validation dispose API&apos;s" time="0.255">
    <system-out><![CDATA[5
ML
ML240314M0743520
ML05M6270
vahancapi-dispose/disposeApplication
["Application Dispose Sussessfully..."]
]]></system-out>
  </testcase>
</testsuite>