<?xml version="1.0" encoding="UTF-8"?>
<testsuite xmlns:xsi="http://www.w3.org/2001/XMLSchema-instance" xsi:noNamespaceSchemaLocation="https://maven.apache.org/surefire/maven-surefire-plugin/xsd/surefire-test-report-3.0.xsd" version="3.0" name="cucumber.Options.TestRunner" time="5.059" tests="3" errors="0" skipped="0" failures="0">
  <properties>
[...]
</properties>
  <testcase name="Verify if The List of Application no details is available using GetListOFDisposeApplication API" classname="Validation dispose API&apos;s" time="4.452">
    <system-out><![CDATA[vahancapi-dispose/getListOfDisposeApplication/{regn_no}/{appl_no}/{otp}
[{"transaction_no":"GJ231025M0641456","pur_cd":5,"regn_no":"GJ23BA0997","application_status":"S","request_dt":"2023-10-25T09:58:13.077+00:00","state_cd":"GJ","off_cd":1,"descr":"Transfer of Ownership"}]
]]></system-out>
  </testcase>
  <testcase name="Verify DetailsDiposeAppl API" classname="Validation dispose API&apos;s" time="0.145">
    <system-out><![CDATA[/vahancapi-dispose/detaildisposeapplication/{regn_no}/{chasi_no}/{appl_no}
{"state_cd":"GJ","state_name":"Gujarat","off_cd":23,"c_off_cd":null,"off_name":"ANAND","regn_no":"GJ23BA0997","regn_dt":"2015-01-20","regn_dtAsDate":null,"fit_uptoAsDate":null,"purchase_dt":"2015-01-17","owner_sr":1,"owner_name":"VASANTBHAI","f_name":"GANDABHAI PARMAR","c_add1":"A 20 SHRINATHJI PARK,BETHAK ROAD","c_add2":"AT KHAMBHAT TA KHAMBHAT","c_add3":"ANAND","c_district":0,"c_district_name":"","c_state":"GJ","c_state_name":"Gujarat","c_pincode":388620,"p_add1":"A 20 SHRINATHJI PARK,BETHAK ROAD","p_add2":"AT KHAMBHAT TA KHAMBHAT","p_add3":"ANAND","p_district":0,"p_district_name":"","p_state":"GJ","p_state_name":"Gujarat","p_pincode":388620,"owner_cd":1,"owner_cd_descr":"INDIVIDUAL","regn_type":"N","regn_type_descr":"NEW","vh_class":1,"vh_class_desc":"Motor Cycle/Scooter","chasi_no":"MBLJA12ACEGM09323","eng_no":"JA12ABEGM12853","eng_no_original":null,"maker":32,"maker_name":"Hero MotoCorp Ltd","model_cd":"PASSION XPRO DRS CAST","model_name":"PASSION XPRO DRS CAST","body_type":"SOLWPR SOLO+PILL. RIDER","no_cyl":1,"hp":110.0,"seat_cap":2,"stand_cap":null,"sleeper_cap":null,"unld_wt":118,"ld_wt":129,"gcw":0,"fuel":1,"fuel_descr":"PETROL","color":"RED BLACK","manu_mon":12,"manu_yr":2014,"norms":9,"norms_descr":"EURO 3","wheelbase":null,"cubic_cap":110.0,"floor_area":null,"ac_fitted":"N","audio_fitted":"N","video_fitted":"N","vch_purchase_as":"B","vch_catg":"2WN","vch_catg_desc":null,"dealer_cd":"GJ02300005","dlr_name":"PRAKASH MOTORS","dlr_add1":"HERO HONDA, RUPAPURA CHIKODARA","dlr_add2":"ANAND","dlr_add3":"","dlr_city":"","dlr_district":"482","dlr_pincode":"382010","sale_amt":46630,"laser_code":null,"garage_add":null,"length":null,"width":null,"height":null,"regn_upto":"2030-01-19","regn_uptoAsDate":null,"fit_upto":"2030-01-19","fit_upto_desc":null,"annual_income":null,"op_dt":"2015-01-21 11:41:27","imported_vch":"N","other_criteria":null,"status":"A","vehType":null,"vehTypeAsInt":0,"vch_purchase_asCode":null,"tax_mode":null,"permit_rto_cd":null,"transport_catg":null,"chasi_no_original":null,"eng_no_orignal":null,"formatRegn_dt":null,"numberOfTyres":null,"no_of_axles":null,"appl_no":null,"mobile_no":null,"email_id":null,"pan_no":null,"aadhar_no":null,"passport_no":null,"ration_card_no":null,"voter_id":null,"dl_no":null,"verified_on":null,"flag":null,"mobileNoEditable":null,"ownerCatg":null,"dlRequired":null,"dlValidationRequired":null,"conditionstatus":false,"owner_ctg":null,"dept_cd":null,"returnMessge":null}
]]></system-out>
  </testcase>
  <testcase name="Verify DisposeAPPL API" classname="Validation dispose API&apos;s" time="0.289">
    <system-out><![CDATA[1
GJ
GJ231025M0641456
GJ23BA0997
vahancapi-dispose/disposeApplication
["Detail not found with transaction id ."]
]]></system-out>
  </testcase>
</testsuite>